<mediawiki xmlns="http://www.mediawiki.org/xml/export-0.5/" xmlns:xsi="http://www.w3.org/2001/XMLSchema-instance" xsi:schemaLocation="http://www.mediawiki.org/xml/export-0.5/ http://www.mediawiki.org/xml/export-0.5.xsd" version="0.5" xml:lang="en">
  <siteinfo>
    <sitename>cayce_wiki</sitename>
    <base>https://wiki.dropsonde.net/mediawiki/index.php/Main_Page</base>
    <generator>MediaWiki 1.17.0</generator>
    <case>first-letter</case>
    <namespaces>
      <namespace key="-2" case="first-letter">Media</namespace>
      <namespace key="-1" case="first-letter">Special</namespace>
      <namespace key="0" case="first-letter" />
      <namespace key="1" case="first-letter">Talk</namespace>
      <namespace key="2" case="first-letter">User</namespace>
      <namespace key="3" case="first-letter">User talk</namespace>
      <namespace key="4" case="first-letter">cayce wiki</namespace>
      <namespace key="5" case="first-letter">cayce wiki talk</namespace>
      <namespace key="6" case="first-letter">File</namespace>
      <namespace key="7" case="first-letter">File talk</namespace>
      <namespace key="8" case="first-letter">MediaWiki</namespace>
      <namespace key="9" case="first-letter">MediaWiki talk</namespace>
      <namespace key="10" case="first-letter">Template</namespace>
      <namespace key="11" case="first-letter">Template talk</namespace>
      <namespace key="12" case="first-letter">Help</namespace>
      <namespace key="13" case="first-letter">Help talk</namespace>
      <namespace key="14" case="first-letter">Category</namespace>
      <namespace key="15" case="first-letter">Category talk</namespace>
    </namespaces>
  </siteinfo>
  <page>
    <title>Test-page</title>
    <id>189</id>
    <revision>
      <id>681</id>
      <timestamp>2012-07-08T01:13:12Z</timestamp>
      <contributor>
        <username>Kyle</username>
        <id>2</id>
      </contributor>
      <comment>Created page with &quot;This is a test page. We are verifying it works. [[Main Page]]&quot;</comment>
      <text xml:space="preserve" bytes="61">This is a test page. We are verifying it works. [[Main Page]]</text>
    </revision>
  </page>
</mediawiki>
